"../../../ue4Jam/Content/UI/WidgetTestMenu.uasset" 0
"../../../Engine/Content/Functions/Engine_MaterialFunctions01/Opacity/CameraDepthFade.uasset" 1
"../../../Engine/Content/EngineMaterials/T_Default_Material_Grid_M.uasset" 2
"../../../Engine/Content/EngineMaterials/T_Default_Material_Grid_N.uasset" 3
"../../../Engine/Content/EngineMaterials/DefaultMaterial.uasset" 4
"../../../Engine/Content/BasicShapes/Cone.uasset" 5
"../../../Engine/Content/EngineMaterials/WorldGridMaterial.uasset" 6
"../../../Engine/Content/BasicShapes/Cube.uasset" 7
"../../../Engine/Content/BasicShapes/Plane.uasset" 8
"../../../Engine/Content/EditorLandscapeResources/DataLayer.uasset" 9
"../../../Engine/Content/EditorMaterials/GizmoMaterial.uasset" 10
"../../../Engine/Content/EditorMaterials/MAT_Groups_Toggle.uasset" 11
"../../../Engine/Content/EditorMaterials/MAT_Groups_Visibility.uasset" 12
"../../../Engine/Content/EditorMaterials/PreviewShadowIndicator.uasset" 13
"../../../Engine/Content/EditorMaterials/PreviewShadowIndicatorMaterial.uasset" 14
"../../../Engine/Content/EditorMaterials/MatineeGroups/MAT_ColorTrack.uasset" 15
"../../../Engine/Content/EditorMaterials/MatineeGroups/MAT_Groups_Anim.uasset" 16
"../../../Engine/Content/EditorMaterials/MatineeGroups/MAT_Groups_AudioMaster.uasset" 17
"../../../Engine/Content/EditorMaterials/MatineeGroups/MAT_Groups_Director.uasset" 18
"../../../Engine/Content/EditorMaterials/MatineeGroups/MAT_Groups_Event.uasset" 19
"../../../Engine/Content/EditorMaterials/MatineeGroups/MAT_Groups_Fade.uasset" 20
"../../../Engine/Content/EditorMaterials/MatineeGroups/MAT_Groups_Float.uasset" 21
"../../../Engine/Content/EditorMaterials/MatineeGroups/MAT_Groups_Move.uasset" 22
"../../../Engine/Content/EditorMaterials/MatineeGroups/MAT_Groups_Slomo.uasset" 23
"../../../Engine/Content/EditorMaterials/MatineeGroups/MAT_Groups_Sound.uasset" 24
"../../../Engine/Content/EditorMaterials/MatineeGroups/MAT_Groups_Vector.uasset" 25
"../../../Engine/Content/EditorMaterials/ParticleSystems/PSysThumbnail_NoImage.uasset" 26
"../../../Engine/Content/EditorMaterials/ParticleSystems/PSysThumbnail_OOD.uasset" 27
"../../../Engine/Content/EditorMaterials/Camera/CineMat.uasset" 28
"../../../Engine/Content/EditorMaterials/Camera/MI_CineMat_Rig.uasset" 29
"../../../Engine/Content/EditorMeshes/Camera/SM_CraneRig_Arm.uasset" 30
"../../../Engine/Content/EditorMeshes/Camera/SM_CraneRig_Base.uasset" 31
"../../../Engine/Content/EditorMeshes/Camera/SM_CraneRig_Body.uasset" 32
"../../../Engine/Content/EditorMeshes/Camera/SM_CraneRig_Mount.uasset" 33
"../../../Engine/Content/EditorMeshes/Camera/SM_RailRig_Mount.uasset" 34
"../../../Engine/Content/EditorMeshes/Camera/SM_RailRig_Track.uasset" 35
"../../../Engine/Content/EditorMeshes/ColorCalibrator/M_ChromeBall.uasset" 36
"../../../Engine/Content/EditorMeshes/ColorCalibrator/M_ClearCoat.uasset" 37
"../../../Engine/Content/EditorMeshes/ColorCalibrator/M_ClearCoatBlack.uasset" 38
"../../../Engine/Content/EditorMeshes/ColorCalibrator/Color_checker.uasset" 39
"../../../Engine/Content/EditorMeshes/ColorCalibrator/M_ColorGrid.uasset" 40
"../../../Engine/Content/EditorMeshes/ColorCalibrator/M_GreyBall.uasset" 41
"../../../Engine/Content/EditorMeshes/ColorCalibrator/SM_ColorCalibrator.uasset" 42
"../../../Engine/Content/EditorResources/BSPVertex.uasset" 43
"../../../Engine/Content/EditorResources/EmptyActor.uasset" 44
"../../../Engine/Content/EditorResources/S_Actor.uasset" 45
"../../../Engine/Content/EditorResources/S_Trigger.uasset" 46
"../../../Engine/Content/EditorResources/AudioIcons/S_AudioComponent_AutoActivate.uasset" 47
"../../../Engine/Content/EditorResources/LightIcons/S_LightError.uasset" 48
"../../../Engine/Content/EditorResources/SequenceRecorder/Countdown.uasset" 49
"../../../Engine/Content/EditorResources/SequenceRecorder/RecordingIndicator.uasset" 50
"../../../Engine/Content/EditorSounds/Notifications/CompileFailed.uasset" 51
"../../../Engine/Content/EditorSounds/Notifications/CompileFailed_Cue.uasset" 52
"../../../Engine/Content/EditorSounds/Notifications/CompileSuccess.uasset" 53
"../../../Engine/Content/EditorSounds/Notifications/CompileStart_Cue.uasset" 54
"../../../Engine/Content/EditorSounds/Notifications/CompileSuccess_Cue.uasset" 55
"../../../Engine/Content/EngineDamageTypes/DmgTypeBP_Environmental.uasset" 56
"../../../Engine/Content/EngineDebugMaterials/HeatmapGradient.uasset" 57
"../../../Engine/Content/EngineDebugMaterials/BoneWeightMaterial.uasset" 58
"../../../Engine/Content/EngineDebugMaterials/ClothMaterial.uasset" 59
"../../../Engine/Content/EngineDebugMaterials/ClothMaterial_WF.uasset" 60
"../../../Engine/Content/EngineDebugMaterials/DebugEditorMaterial.uasset" 61
"../../../Engine/Content/EngineDebugMaterials/DebugMeshMaterial.uasset" 62
"../../../Engine/Content/EngineDebugMaterials/GeomMaterial.uasset" 63
"../../../Engine/Content/EngineFonts/Faces/RobotoBold.uasset" 64
"../../../Engine/Content/EngineFonts/Faces/RobotoBoldItalic.uasset" 65
"../../../Engine/Content/EngineFonts/Faces/RobotoItalic.uasset" 66
"../../../Engine/Content/EngineFonts/Faces/RobotoLight.uasset" 67
"../../../Engine/Content/EngineFonts/Faces/RobotoRegular.uasset" 68
"../../../Engine/Content/EngineFonts/Roboto.uasset" 69
"../../../Engine/Content/EngineFonts/Faces/RobotoTiny.uasset" 70
"../../../Engine/Content/EngineFonts/RobotoTiny.uasset" 71
"../../../Engine/Content/EngineMaterials/DefaultBloomKernel.uasset" 72
"../../../Engine/Content/EngineMaterials/DefaultBokeh.uasset" 73
"../../../Engine/Content/EngineMaterials/DefaultDiffuse.uasset" 74
"../../../Engine/Content/EngineMaterials/DefaultDeferredDecalMaterial.uasset" 75
"../../../Engine/Content/EngineMaterials/DefaultLightFunctionMaterial.uasset" 76
"../../../Engine/Content/Functions/Engine_MaterialFunctions02/Utility/BreakOutFloat2Components.uasset" 77
"../../../Engine/Content/EngineMaterials/DefaultPostProcessMaterial.uasset" 78
"../../../Engine/Content/EngineFonts/RobotoDistanceField.uasset" 79
"../../../Engine/Content/EngineMaterials/DefaultTextMaterialOpaque.uasset" 80
"../../../Engine/Content/EngineMaterials/DefaultWhiteGrid.uasset" 81
"../../../Engine/Content/EngineMaterials/EditorBrushMaterial.uasset" 82
"../../../Engine/Content/EngineMaterials/Good64x64TilingNoiseHighFreq.uasset" 83
"../../../Engine/Content/EngineMaterials/MiniFont.uasset" 84
"../../../Engine/Content/EngineMaterials/InvalidLightmapSettings.uasset" 85
"../../../Engine/Content/EngineMaterials/M_InvalidLightmapSettings.uasset" 86
"../../../Engine/Content/Functions/Engine_MaterialFunctions02/WorldPositionOffset/CameraOffset.uasset" 87
"../../../Engine/Content/EngineMaterials/PhAT_JointLimitMaterial.uasset" 88
"../../../Engine/Content/EngineMaterials/PreintegratedSkinBRDF.uasset" 89
"../../../Engine/Content/EngineMaterials/RemoveSurfaceMaterial.uasset" 90
"../../../Engine/Content/EngineMaterials/WeightMapPlaceholderTexture.uasset" 91
"../../../Engine/Content/EngineResources/WhiteSquareTexture.uasset" 92
"../../../Engine/Content/EngineMaterials/Widget3DPassThrough.uasset" 93
"../../../Engine/Content/EngineMaterials/Widget3DPassThrough_Masked.uasset" 94
"../../../Engine/Content/EngineMaterials/Widget3DPassThrough_Opaque.uasset" 95
"../../../Engine/Content/EngineMaterials/Widget3DPassThrough_Masked_OneSided.uasset" 96
"../../../Engine/Content/EngineMaterials/Widget3DPassThrough_Opaque_OneSided.uasset" 97
"../../../Engine/Content/EngineMaterials/Widget3DPassThrough_Translucent.uasset" 98
"../../../Engine/Content/EngineMaterials/Widget3DPassThrough_Translucent_OneSided.uasset" 99
"../../../Engine/Content/EngineMeshes/Cube.uasset" 100
"../../../Engine/Content/EngineMeshes/Cylinder.uasset" 101
"../../../Engine/Content/EngineMeshes/Sphere.uasset" 102
"../../../Engine/Content/EngineResources/Black.uasset" 103
"../../../Engine/Content/EngineResources/DefaultTexture.uasset" 104
"../../../Engine/Content/EngineResources/DefaultTextureCube.uasset" 105
"../../../Engine/Content/EngineResources/GradientTexture0.uasset" 106
"../../../Engine/Content/EngineSounds/Master.uasset" 107
"../../../Engine/Content/Functions/Engine_MaterialFunctions01/Shading/ConvertFromDiffSpec.uasset" 108
"../../../Engine/Content/Functions/Engine_MaterialFunctions01/Shading/PowerToRoughness.uasset" 109
"../../../Engine/Content/Maps/Templates/Thumbnails/Default.uasset" 110
"../../../Engine/Content/Maps/Templates/Thumbnails/VR-Basic.uasset" 111
"../../../Engine/Content/MobileResources/T_MobileControls_texture.uasset" 112
"../../../Engine/Content/MobileResources/T_MobileMenu2.uasset" 113
"../../../Engine/Content/MobileResources/HUD/AnalogHat.uasset" 114
"../../../Engine/Content/MobileResources/HUD/VirtualJoystick_Background.uasset" 115
"../../../Engine/Content/MobileResources/HUD/VirtualJoystick_Thumb.uasset" 116
"../../../Engine/Content/MobileResources/HUD/DefaultVirtualJoysticks.uasset" 117
"../../../Engine/Content/MobileResources/HUD/LeftVirtualJoystickOnly.uasset" 118
"../../../Engine/Content/MobileResources/HUD/MobileHUDButton1_off.uasset" 119
"../../../Engine/Content/MobileResources/HUD/MobileHUDButton1_on.uasset" 120
"../../../Engine/Content/MobileResources/HUD/MobileHUDButton2_off.uasset" 121
"../../../Engine/Content/MobileResources/HUD/MobileHUDButton2_on.uasset" 122
"../../../Engine/Content/MobileResources/HUD/MobileHUDButton3.uasset" 123
"../../../Engine/Content/MobileResources/HUD/MobileHUDButtonFire.uasset" 124
"../../../Engine/Content/MobileResources/HUD/MobileHUDDirectionPad.uasset" 125
"../../../Engine/Content/MobileResources/HUD/MobileHUDDirectionPad2.uasset" 126
"../../../Engine/Content/MobileResources/HUD/MobileHUDDirectionPad3.uasset" 127
"../../../Engine/Content/MobileResources/HUD/MobileHUDDirectionStick.uasset" 128
"../../../Engine/Content/MobileResources/HUD/T_Castle_ThumbstickInner.uasset" 129
"../../../Engine/Content/MobileResources/HUD/T_Castle_ThumbstickOutter.uasset" 130
"../../../Engine/Content/Tutorial/ContentIntroCurve.uasset" 131
"../../../Engine/Content/Tutorial/Basics/TutorialAssets/icon_tab_Levels_40x.uasset" 132
"../../../Engine/Content/Tutorial/BlueprintTutorials/TutorialAssets/BlueprintInterface_64x.uasset" 133
"../../../Engine/Content/Tutorial/BlueprintTutorials/TutorialAssets/BlueprintMacroLibrary_64x.uasset" 134
"../../../Engine/Content/Tutorial/BlueprintTutorials/TutorialAssets/Blueprint_64x.uasset" 135
"../../../Engine/Content/Tutorial/BlueprintTutorials/TutorialAssets/Tutorial_BP_Interface.uasset" 136
"../../../Engine/Content/Tutorial/Foliage/TutorialAssets/Foliage.uasset" 137
"../../../Engine/Content/Tutorial/Landscape/TutorialAssets/Landscape.uasset" 138
"../../../Engine/Content/Tutorial/Paper2D/TutorialAssets/Paper2DFlipbook_TutorialIcon.uasset" 139
"../../../Engine/Content/Tutorial/Paper2D/TutorialAssets/Paper2DSprite_TutorialIcon.uasset" 140
"../../../Engine/Content/Tutorial/SubEditors/TutorialAssets/icon_Editor_Preferences_General_40x.uasset" 141
"../../../Engine/Content/Tutorial/SubEditors/TutorialAssets/icon_ShowSkeletalMeshes_40x.uasset" 142
"../../../Engine/Content/Tutorial/SubEditors/TutorialAssets/TutorialMaterial.uasset" 143
"../../../Engine/Content/Tutorial/SubEditors/TutorialAssets/T_SmokeSubUV_8X8.uasset" 144
"../../../Engine/Content/Tutorial/SubEditors/TutorialAssets/T_soft_smoke.uasset" 145
"../../../Engine/Content/Tutorial/SubEditors/TutorialAssets/M_smoke_subUV_blackbody.uasset" 146
"../../../Engine/Content/Tutorial/SubEditors/TutorialAssets/TutorialParticleSystem.uasset" 147
"../../../Engine/Content/VREditor/Devices/Generic/GenericHMDMaterial.uasset" 148
"../../../Engine/Content/VREditor/Devices/Generic/GenericHMD.uasset" 149
"../../../Engine/Content/VREditor/FloatingText/LineMaterial.uasset" 150
"../../../Engine/Content/VREditor/FloatingText/JointSphere.uasset" 151
"../../../Engine/Content/VREditor/FloatingText/LineSegmentCylinder.uasset" 152
"../../../Engine/Content/VREditor/Fonts/VRText_RobotoLarge.uasset" 153
"../../../Engine/Content/VREditor/Fonts/VRTextMaterial.uasset" 154
"../../../Engine/Content/VREditor/Fonts/TranslucentVRTextMaterial.uasset" 155
"../../../Engine/Content/VREditor/LaserPointer/CursorPointer.uasset" 156
"../../../Engine/Content/VREditor/LaserPointer/VR_LaserPower_01.uasset" 157
"../../../Engine/Content/VREditor/TransformGizmo/TransformGizmoMaterial.uasset" 158
"../../../Engine/Content/VREditor/LaserPointer/HoverMaterial.uasset" 159
"../../../Engine/Content/VREditor/TransformGizmo/TranslucentTransformGizmoMaterial.uasset" 160
"../../../Engine/Content/VREditor/LaserPointer/TranslucentHoverMaterial.uasset" 161
"../../../Engine/Content/VREditor/LaserPointer/HoverMesh.uasset" 162
"../../../Engine/Content/VREditor/LaserPointer/LaserPointerMaterial.uasset" 163
"../../../Engine/Content/VREditor/LaserPointer/LaserPointerMaterialInst.uasset" 164
"../../../Engine/Content/VREditor/LaserPointer/TranslucentLaserPointerMaterialInst.uasset" 165
"../../../Engine/Content/VREditor/LaserPointer/LaserPointerMesh.uasset" 166
"../../../Engine/Content/VREditor/LaserPointer/LaserPointerMesh_End.uasset" 167
"../../../Engine/Content/VREditor/LaserPointer/LaserPointerMesh_Start.uasset" 168
"../../../Engine/Content/Functions/Engine_MaterialFunctions02/Utility/BreakOutFloat3Components.uasset" 169
"../../../Engine/Content/Functions/Engine_MaterialFunctions02/Math/Transform3x3Matrix.uasset" 170
"../../../Engine/Content/Functions/Engine_MaterialFunctions02/SplitComponents.uasset" 171
"../../../Engine/Content/Functions/Engine_MaterialFunctions02/Utility/MakeFloat3.uasset" 172
"../../../Engine/Content/VREditor/SnapGrid/SnapGridMaterial.uasset" 173
"../../../Engine/Content/VREditor/SnapGrid/SnapGridPlaneMesh.uasset" 174
"../../../Engine/Content/VREditor/Sounds/VR_teleport.uasset" 175
"../../../Engine/Content/VREditor/Sounds/UI/Click_on_Button_Cue.uasset" 176
"../../../Engine/Content/VREditor/Sounds/UI/Dockable_Window_Close.uasset" 177
"../../../Engine/Content/VREditor/Sounds/UI/Dockable_Window_Drop.uasset" 178
"../../../Engine/Content/VREditor/Sounds/UI/Dockable_Window_Open.uasset" 179
"../../../Engine/Content/VREditor/Sounds/UI/Dockable_Window_Pick_Up.uasset" 180
"../../../Engine/Content/VREditor/Sounds/UI/Drop_Item_From_ContentBrowser.uasset" 181
"../../../Engine/Content/VREditor/Sounds/UI/Floating_UI_Open-001.uasset" 182
"../../../Engine/Content/VREditor/Sounds/UI/Gizmo_Handle_Clicked.uasset" 183
"../../../Engine/Content/VREditor/Sounds/UI/Object_PickUp.uasset" 184
"../../../Engine/Content/VREditor/Sounds/UI/Object_Snaps_To_Another_Actor.uasset" 185
"../../../Engine/Content/VREditor/Sounds/UI/Object_Snaps_To_Grid.uasset" 186
"../../../Engine/Content/VREditor/Sounds/UI/Radial_Menu_FadeOut.uasset" 187
"../../../Engine/Content/VREditor/Sounds/UI/Scaling_Down.uasset" 188
"../../../Engine/Content/VREditor/Sounds/UI/Scaling_Up.uasset" 189
"../../../Engine/Content/VREditor/Sounds/UI/Selection_Changes.uasset" 190
"../../../Engine/Content/VREditor/Sounds/UI/Teleport_Mode_Entered.uasset" 191
"../../../Engine/Content/VREditor/Teleport/TeleportDirectionMaterial.uasset" 192
"../../../Engine/Content/VREditor/Teleport/TeleportDirectionMaterial_Inst.uasset" 193
"../../../Engine/Content/VREditor/Teleport/TeleportDirectionMesh.uasset" 194
"../../../Engine/Content/VREditor/TransformGizmo/BoundingBoxCorner.uasset" 195
"../../../Engine/Content/VREditor/TransformGizmo/BoundingBoxEdge.uasset" 196
"../../../Engine/Content/VREditor/TransformGizmo/PlaneTranslationHandle.uasset" 197
"../../../Engine/Content/VREditor/TransformGizmo/RotationHandleFull.uasset" 198
"../../../Engine/Content/VREditor/TransformGizmo/RotationHandleIndicator.uasset" 199
"../../../Engine/Content/VREditor/TransformGizmo/RotationHandleQuarter.uasset" 200
"../../../Engine/Content/VREditor/TransformGizmo/Main.uasset" 201
"../../../Engine/Content/VREditor/TransformGizmo/Xray.uasset" 202
"../../../Engine/Content/VREditor/TransformGizmo/SM_Dialog_Close.uasset" 203
"../../../Engine/Content/VREditor/TransformGizmo/SM_Dialog_Move.uasset" 204
"../../../Engine/Content/VREditor/TransformGizmo/SM_Sequencer_Key.uasset" 205
"../../../Engine/Content/VREditor/TransformGizmo/SM_Sequencer_Node.uasset" 206
"../../../Engine/Content/VREditor/TransformGizmo/StartRotationHandleIndicator.uasset" 207
"../../../Engine/Content/VREditor/TransformGizmo/TranslucentTransformGizmoMaterial_Inst.uasset" 208
"../../../Engine/Content/VREditor/TransformGizmo/TransformGizmoFreeRotation.uasset" 209
"../../../Engine/Content/VREditor/TransformGizmo/TransformGizmoMaterial_Inst.uasset" 210
"../../../Engine/Content/VREditor/TransformGizmo/TranslateArrowHandle.uasset" 211
"../../../Engine/Content/VREditor/TransformGizmo/UniformScaleHandle.uasset" 212
"../../../Engine/Content/VREditor/UI/KeyDiskMaterial.uasset" 213
"../../../Engine/Content/VREditor/UI/DiscMaterial.uasset" 214
"../../../Engine/Content/VREditor/UI/SM_Radial_Disk.uasset" 215
"../../../Engine/Content/Functions/Engine_MaterialFunctions01/Gradient/RadialGradient.uasset" 216
"../../../Engine/Content/VREditor/WorldMovementGrid/SimpleGrid.uasset" 217
"../../../Engine/Content/VREditor/WorldMovementGrid/GridMaterial.uasset" 218
"../../../Engine/Content/Functions/Engine_MaterialFunctions01/Density/ExponentialDensity.uasset" 219
"../../../Engine/Content/VREditor/WorldMovementGrid/GridPostProcess.uasset" 220
"../../../Engine/Content/EditorLandscapeResources/FlattenHeightMat.uasset" 221
"../../../Engine/Content/VREditor/WorldMovementGrid/PlaneMesh.uasset" 222
"../../../Engine/Plugins/2D/Paper2D/Content/PlaceholderTextures/DummySpriteTexture.uasset" 223
"../../../Engine/Plugins/2D/Paper2D/Content/DummySprite.uasset" 224
"../../../Engine/Plugins/2D/Paper2D/Content/DefaultPaperTerrainMaterial.uasset" 225
"../../../Engine/Plugins/2D/Paper2D/Content/DefaultSpriteMaterial.uasset" 226
"../../../Engine/Plugins/2D/Paper2D/Content/MaskedUnlitSpriteMaterial.uasset" 227
"../../../Engine/Plugins/2D/Paper2D/Content/OpaqueUnlitSpriteMaterial.uasset" 228
"../../../Engine/Plugins/Media/MediaCompositing/Content/DefaultMediaPlaneMaterial.uasset" 229
"../../../Engine/Content/Functions/Engine_MaterialFunctions01/Texturing/ScaleUVsByCenter.uasset" 230
"../../../Engine/Content/Functions/Engine_MaterialFunctions02/Utility/MakeFloat4.uasset" 231
"../../../Engine/Plugins/Runtime/AppleARKit/Content/ARKitCameraMaterial.uasset" 232
"../../../Engine/Plugins/Runtime/Oculus/OculusVR/Content/Textures/GearVRController_AO.uasset" 233
"../../../Engine/Plugins/Runtime/Oculus/OculusVR/Content/Textures/GearVRController_Color.uasset" 234
"../../../Engine/Plugins/Runtime/Oculus/OculusVR/Content/Textures/GearVRController_Normal.uasset" 235
"../../../Engine/Plugins/Runtime/Oculus/OculusVR/Content/Materials/GearVRControllerMaterial.uasset" 236
"../../../Engine/Plugins/Runtime/Oculus/OculusVR/Content/Meshes/GearVrController.uasset" 237
"../../../ue4Jam/Content/Art/MainCharacter/Import02/Walk_Skeleton.uasset" 238
"../../../ue4Jam/Content/Art/MainCharacter/Import02/Mtack.uasset" 239
"../../../ue4Jam/Content/Art/MainCharacter/Import02/AttackWhileMoving.uasset" 240
"../../../ue4Jam/Content/Art/MainCharacter/Import02/GrenadeToss.uasset" 241
"../../../ue4Jam/Content/Art/MainCharacter/Import02/GrenadeWhileMoving.uasset" 242
"../../../ue4Jam/Content/Art/MainCharacter/Import02/DEATH.uasset" 243
"../../../ue4Jam/Content/Art/MainCharacter/Import02/TakingDamage.uasset" 244
"../../../ue4Jam/Content/Art/MainCharacter/Import02/NewIdle.uasset" 245
"../../../ue4Jam/Content/Art/MainCharacter/Import02/Walk_Anim.uasset" 246
"../../../ue4Jam/Content/Art/MainCharacter/Import02/HeroBlend.uasset" 247
"../../../Engine/Content/EditorBlueprintResources/StandardMacros.uasset" 248
"../../../ue4Jam/Content/Blueprints/Characters/BaseCharacterBP.uasset" 249
"../../../ue4Jam/Content/Art/MainCharacter/Import02/CharacterAnimBP.uasset" 250
"../../../ue4Jam/Content/Blueprints/Interfaces/iDamageable.uasset" 251
"../../../ue4Jam/Content/Materials/LightEnergyMat.uasset" 252
"../../../Engine/Content/BasicShapes/Sphere.uasset" 253
"../../../ue4Jam/Content/Blueprints/Actors/Projectile.uasset" 254
"../../../ue4Jam/Content/Art/Weapons/Shotgun/Shotgun_Base_Color.uasset" 255
"../../../ue4Jam/Content/Art/Weapons/Shotgun/Shotgun_Emissive.uasset" 256
"../../../ue4Jam/Content/Art/Weapons/Shotgun/Shotgun_Metallic.uasset" 257
"../../../ue4Jam/Content/Art/Weapons/Shotgun/Shotgun_Normal_OpenGL.uasset" 258
"../../../ue4Jam/Content/Art/Weapons/Shotgun/Shotgun_Roughness.uasset" 259
"../../../ue4Jam/Content/Art/Weapons/Shotgun/Shotgun.uasset" 260
"../../../ue4Jam/Content/Art/Weapons/Shotgun/shotgun_M.uasset" 261
"../../../ue4Jam/Content/Blueprints/Actors/Gun.uasset" 262
"../../../ue4Jam/Content/Blueprints/Actors/Explosion.uasset" 263
"../../../ue4Jam/Content/Art/ModularProps/Materials/WoodenDoor/woodenDoor_Base_Color.uasset" 264
"../../../ue4Jam/Content/Art/ModularProps/Materials/WoodenDoor/woodenDoor_Roughness.uasset" 265
"../../../ue4Jam/Content/Art/ModularProps/Materials/WoodenDoor/woodenDoor.uasset" 266
"../../../ue4Jam/Content/Art/ModularProps/Models/woodenDoor_1.uasset" 267
"../../../ue4Jam/Content/Blueprints/Actors/GoalDoor.uasset" 268
"../../../ue4Jam/Content/Blueprints/States/UE4SurvivalGameState.uasset" 269
"../../../ue4Jam/Content/Blueprints/Actors/LightSource.uasset" 270
"../../../ue4Jam/Content/Art/Weapons/lightGrenade/lightGrenade_Base_Color.uasset" 271
"../../../ue4Jam/Content/Art/Weapons/lightGrenade/lightGrenade_Emissive.uasset" 272
"../../../ue4Jam/Content/Art/Weapons/lightGrenade/lightGrenade_Roughness.uasset" 273
"../../../ue4Jam/Content/Art/Weapons/lightGrenade/lightGrenade.uasset" 274
"../../../ue4Jam/Content/Art/Weapons/lightGrenade/lightGrenade_1.uasset" 275
"../../../ue4Jam/Content/Audio/Balloon_Popping-SoundBible_com-1247261379.uasset" 276
"../../../ue4Jam/Content/Blueprints/Actors/LightGrenade.uasset" 277
"../../../ue4Jam/Content/Art/ModularProps/Models/Material.uasset" 278
"../../../ue4Jam/Content/Art/ModularProps/Models/LightKey.uasset" 279
"../../../ue4Jam/Content/Blueprints/Actors/LightKey.uasset" 280
"../../../ue4Jam/Content/Blueprints/Actors/ShotgunProjectile.uasset" 281
"../../../ue4Jam/Content/Audio/Shooting.uasset" 282
"../../../ue4Jam/Content/Blueprints/Actors/LightOrbOfKilling.uasset" 283
"../../../ue4Jam/Content/Art/Weapons/LightSword_M/LightSword_M_Base_Color.uasset" 284
"../../../ue4Jam/Content/Art/Weapons/LightSword_M/LightSword_M_Emissive.uasset" 285
"../../../ue4Jam/Content/Art/Weapons/LightSword_M/LightSword_M_Normal_OpenGL.uasset" 286
"../../../ue4Jam/Content/Art/Weapons/LightSword_M/LightSword_M_Roughness.uasset" 287
"../../../ue4Jam/Content/Art/Weapons/LightSword_M/LightSword_M1.uasset" 288
"../../../ue4Jam/Content/Art/Weapons/LightSword_M/LightSword_M.uasset" 289
"../../../ue4Jam/Content/Blueprints/Actors/LightSword.uasset" 290
"../../../ue4Jam/Content/Blueprints/Interfaces/iLightEnergy.uasset" 291
"../../../ue4Jam/Content/Blueprints/Actors/LightEnergyDroplet.uasset" 292
"../../../ue4Jam/Content/Blueprints/AI/BB_EnemyBasic.uasset" 293
"../../../ue4Jam/Content/Blueprints/AI/FindRandomLocation.uasset" 294
"../../../ue4Jam/Content/Blueprints/AI/FindRandomLocationAroundActor.uasset" 295
"../../../ue4Jam/Content/Blueprints/AI/GenerateRandomInt.uasset" 296
"../../../ue4Jam/Content/Audio/Skull01.uasset" 297
"../../../ue4Jam/Content/Blueprints/AI/LeapAtTarget.uasset" 298
"../../../ue4Jam/Content/Blueprints/AI/BT_EnemyBasic.uasset" 299
"../../../ue4Jam/Content/Blueprints/AI/EnemyAI.uasset" 300
"../../../ue4Jam/Content/Art/SkullEnemie/skull_Base_Color.uasset" 301
"../../../ue4Jam/Content/Art/SkullEnemie/skull_Normal_OpenGL.uasset" 302
"../../../ue4Jam/Content/Art/SkullEnemie/skull.uasset" 303
"../../../ue4Jam/Content/Art/SkullEnemie/skull_1.uasset" 304
"../../../ue4Jam/Content/Audio/Skull02.uasset" 305
"../../../ue4Jam/Content/Blueprints/Characters/EnemyCharacterBP.uasset" 306
"../../../ue4Jam/Content/Blueprints/Actors/EnemySpawner.uasset" 307
"../../../ue4Jam/Content/Blueprints/GameModes/UE4SurvivalGameMode.uasset" 308
"../../../ue4Jam/Content/Art/MainCharacter/MC_2_Base_Color.uasset" 309
"../../../ue4Jam/Content/Art/MainCharacter/MC_2_Metallic.uasset" 310
"../../../ue4Jam/Content/Art/MainCharacter/MC_2_Normal_OpenGL.uasset" 311
"../../../ue4Jam/Content/Art/MainCharacter/MC_2_Roughness.uasset" 312
"../../../ue4Jam/Content/Art/MainCharacter/MC_2.uasset" 313
"../../../ue4Jam/Content/Art/MainCharacter/Import02/MC_2.uasset" 314
"../../../ue4Jam/Content/Art/MainCharacter/Import02/Walk_PhysicsAsset.uasset" 315
"../../../ue4Jam/Content/Art/MainCharacter/Import02/Walk.uasset" 316
"../../../ue4Jam/Content/Audio/CharacterDeath01.uasset" 317
"../../../ue4Jam/Content/Audio/FootstepsHomade.uasset" 318
"../../../ue4Jam/Content/Audio/SwordSwing.uasset" 319
"../../../ue4Jam/Content/Audio/Wounded03.uasset" 320
"../../../ue4Jam/Content/Art/Textures/LightCloud.uasset" 321
"../../../ue4Jam/Content/Materials/LightCloudMat.uasset" 322
"../../../ue4Jam/Content/Art/Textures/LightDroplets.uasset" 323
"../../../ue4Jam/Content/Materials/LightDropletsMat.uasset" 324
"../../../ue4Jam/Content/ParticleEffects/TeleportEffect.uasset" 325
"../../../ue4Jam/Content/UI/InGameMenu.uasset" 326
"../../../ue4Jam/Content/UI/WidgetPlayerHud.uasset" 327
"../../../ue4Jam/Content/UI/WidgetWarningMessage.uasset" 328
"../../../ue4Jam/Content/Blueprints/Characters/PlayerCharacterBP.uasset" 329
"../../../ue4Jam/Content/Blueprints/Actors/GameWinTriggerBox.uasset" 330
"../../../ue4Jam/Content/Blueprints/Actors/KeyDropoffTriggerBox.uasset" 331
"../../../Engine/Content/EngineSky/C_Sky_Cloud_Color.uasset" 332
"../../../Engine/Content/EngineSky/C_Sky_Horizon_Color.uasset" 333
"../../../Engine/Content/EngineSky/C_Sky_Zenith_Color.uasset" 334
"../../../Engine/Content/EngineSky/T_Sky_Blue.uasset" 335
"../../../Engine/Content/EngineSky/T_Sky_Clouds_M.uasset" 336
"../../../Engine/Content/EngineSky/T_Sky_Stars.uasset" 337
"../../../Engine/Content/EngineSky/M_Sky_Panning_Clouds2.uasset" 338
"../../../Engine/Content/EngineSky/SM_SkySphere.uasset" 339
"../../../Engine/Content/EngineSky/BP_Sky_Sphere.uasset" 340
"../../../ue4Jam/Content/Art/ModularProps/Materials/portalPillar/portalPillars_Base_Color.uasset" 341
"../../../ue4Jam/Content/Art/ModularProps/Materials/portalPillar/portalPillars_Normal_OpenGL.uasset" 342
"../../../ue4Jam/Content/Art/ModularProps/Materials/portalPillar/portalPillars.uasset" 343
"../../../ue4Jam/Content/Art/ModularProps/Models/portalPillars_1.uasset" 344
"../../../ue4Jam/Content/Art/ParticalEffects/Design.uasset" 345
"../../../ue4Jam/Content/Art/ParticalEffects/Design_Mat.uasset" 346
"../../../ue4Jam/Content/Art/ParticalEffects/Aura_Circle.uasset" 347
"../../../ue4Jam/Content/Blueprints/Actors/Portal.uasset" 348
"../../../ue4Jam/Content/Levels/MainLevel01_BuiltData.uasset" 349
"../../../ue4Jam/Content/Art/ModularProps/Materials/Handcuffs/handcuffs_1_Base_Color.uasset" 350
"../../../ue4Jam/Content/Art/ModularProps/Materials/Handcuffs/handcuffs_1_Normal_OpenGL.uasset" 351
"../../../ue4Jam/Content/Art/ModularProps/Materials/Handcuffs/handcuffs_1_Roughness.uasset" 352
"../../../ue4Jam/Content/Art/ModularProps/Materials/Handcuffs/handcuffs_2.uasset" 353
"../../../Engine/Content/EngineMaterials/DefaultPhysicalMaterial.uasset" 354
"../../../ue4Jam/Content/Art/ModularProps/Materials/Barrel/barrel_1_Base_Color.uasset" 355
"../../../ue4Jam/Content/Art/ModularProps/Materials/Barrel/barrel_1_Normal_OpenGL.uasset" 356
"../../../ue4Jam/Content/Art/ModularProps/Materials/Barrel/barrel_1_Roughness.uasset" 357
"../../../ue4Jam/Content/Art/ModularProps/Materials/Barrel/barrel_2.uasset" 358
"../../../ue4Jam/Content/Art/ModularProps/Models/barrel_1.uasset" 359
"../../../ue4Jam/Content/Art/ModularProps/Models/handcuffs_1.uasset" 360
"../../../ue4Jam/Content/Art/ModularProps/Materials/RopeBridge/ropeBridge_Base_Color.uasset" 361
"../../../ue4Jam/Content/Art/ModularProps/Materials/RopeBridge/ropeBridge_Normal_OpenGL.uasset" 362
"../../../ue4Jam/Content/Art/ModularProps/Materials/RopeBridge/ropeBridge.uasset" 363
"../../../ue4Jam/Content/Art/ModularProps/Models/ropeBridge_1.uasset" 364
"../../../ue4Jam/Content/Art/ModularProps/Materials/stoneFloor/stoneFloor_Base_Color.uasset" 365
"../../../ue4Jam/Content/Art/ModularProps/Materials/stoneFloor/stoneFloor_Normal_OpenGL.uasset" 366
"../../../ue4Jam/Content/Art/ModularProps/Materials/stoneFloor/stoneFloor_M.uasset" 367
"../../../ue4Jam/Content/Art/ModularProps/Models/stoneFloor_2.uasset" 368
"../../../ue4Jam/Content/Art/ModularProps/Materials/stonePillar/stonePillar_M_Base_Color.uasset" 369
"../../../ue4Jam/Content/Art/ModularProps/Materials/stonePillar/stonePillar_M_Mixed_AO.uasset" 370
"../../../ue4Jam/Content/Art/ModularProps/Materials/stonePillar/stonePillar_M_Normal_OpenGL.uasset" 371
"../../../ue4Jam/Content/Art/ModularProps/Materials/stonePillar/stonePillar_M.uasset" 372
"../../../ue4Jam/Content/Art/ModularProps/Models/stonePillar_1.uasset" 373
"../../../ue4Jam/Content/Art/ModularProps/Materials/stoneWall/stoneWall_Base_Color.uasset" 374
"../../../ue4Jam/Content/Art/ModularProps/Materials/stoneWall/stoneWall_Height.uasset" 375
"../../../ue4Jam/Content/Art/ModularProps/Materials/stoneWall/stoneWall_Normal_OpenGL.uasset" 376
"../../../ue4Jam/Content/Art/ModularProps/Materials/stoneWall/stoneWall_M.uasset" 377
"../../../ue4Jam/Content/Art/ModularProps/Models/stoneWall_1.uasset" 378
"../../../ue4Jam/Content/Art/ModularProps/Materials/WoodenTable/woddenTable1.uasset" 379
"../../../ue4Jam/Content/Art/ModularProps/Models/woddenTable.uasset" 380
"../../../ue4Jam/Content/Audio/dung_5.uasset" 381
"../../../ue4Jam/Content/Audio/dung_5_Cue.uasset" 382
"../../../ue4Jam/Content/Levels/MainLevel01.umap" 383
"../../../ue4Jam/Content/Art/MainCharacter/Import02/HeroMenuBlend.uasset" 384
"../../../ue4Jam/Content/Art/MainCharacter/Import02/CharacterMenuAnimBP.uasset" 385
"../../../ue4Jam/Content/Art/Weapons/LightSword_M/SwordGlowing.uasset" 386
"../../../ue4Jam/Content/Blueprints/AI/MenuAI.uasset" 387
"../../../ue4Jam/Content/Blueprints/Characters/MenuCharacter.uasset" 388
"../../../ue4Jam/Content/UI/WidgetMainMenu.uasset" 389
"../../../ue4Jam/Content/Blueprints/Controllers/MenuPlayerController.uasset" 390
"../../../ue4Jam/Content/Blueprints/GameModes/MenuGameMode.uasset" 391
"../../../ue4Jam/Content/Levels/MainMenu_BuiltData.uasset" 392
"../../../ue4Jam/Content/Art/ModularProps/Materials/Carpet/carpet_1_Base_Color.uasset" 393
"../../../ue4Jam/Content/Art/ModularProps/Materials/Carpet/carpet_1_Normal_OpenGL.uasset" 394
"../../../ue4Jam/Content/Art/ModularProps/Materials/Carpet/carpet_2.uasset" 395
"../../../ue4Jam/Content/Art/ModularProps/Models/carpet_1.uasset" 396
"../../../ue4Jam/Content/Art/ModularProps/Materials/stoneArch/stoneArch_Base_Color.uasset" 397
"../../../ue4Jam/Content/Art/ModularProps/Materials/stoneArch/stoneArch_Normal_OpenGL.uasset" 398
"../../../ue4Jam/Content/Art/ModularProps/Materials/stoneArch/stoneArch.uasset" 399
"../../../ue4Jam/Content/Art/ModularProps/Models/stoneArch_1.uasset" 400
"../../../ue4Jam/Content/Art/ModularProps/Models/stoneWall_2.uasset" 401
"../../../ue4Jam/Content/Audio/dung_6.uasset" 402
"../../../ue4Jam/Content/Audio/dung_6_Cue.uasset" 403
"../../../ue4Jam/Content/Levels/MainMenu.umap" 404
"../../../ue4Jam/Content/Levels/SurvivalLevel_BuiltData.uasset" 405
"../../../ue4Jam/Content/Levels/SurvivalLevel.umap" 406
"../../../ue4Jam/Content/Blueprints/Actors/CharacterTriggerBox.uasset" 407
"../../../ue4Jam/Content/Materials/EnemyMat.uasset" 408
"../../../Engine/Content/BasicShapes/Cylinder.uasset" 409
"../../../ue4Jam/Content/Blueprints/Actors/Target.uasset" 410
"../../../ue4Jam/Content/Levels/TutorialLevel_BuiltData.uasset" 411
"../../../ue4Jam/Content/Levels/TutorialLevel.umap" 412
"../../../Engine/Content/Maps/Entry.umap" 413
